<?xml version="1.0" encoding="UTF-8" ?>
<testsuite failures="0" time="0.128" errors="0" skipped="0" tests="1" name="com.nali.mrfcore.AppTest">
  <properties>
    <property name="java.runtime.name" value="Java(TM) SE Runtime Environment"/>
    <property name="sun.boot.library.path" value="C:\Program Files\Java\jdk1.6.0_45\jre\bin"/>
    <property name="java.vm.version" value="20.45-b01"/>
    <property name="java.vm.vendor" value="Sun Microsystems Inc."/>
    <property name="java.vendor.url" value="http://java.sun.com/"/>
    <property name="path.separator" value=";"/>
    <property name="java.vm.name" value="Java HotSpot(TM) Client VM"/>
    <property name="file.encoding.pkg" value="sun.io"/>
    <property name="user.country" value="CN"/>
    <property name="sun.java.launcher" value="SUN_STANDARD"/>
    <property name="sun.os.patch.level" value="Service Pack 1"/>
    <property name="java.vm.specification.name" value="Java Virtual Machine Specification"/>
    <property name="user.dir" value="D:\Documents\workspace\workspace\mrf-core"/>
    <property name="java.runtime.version" value="1.6.0_45-b06"/>
    <property name="java.awt.graphicsenv" value="sun.awt.Win32GraphicsEnvironment"/>
    <property name="basedir" value="D:\Documents\workspace\workspace\mrf-core"/>
    <property name="java.endorsed.dirs" value="C:\Program Files\Java\jdk1.6.0_45\jre\lib\endorsed"/>
    <property name="os.arch" value="x86"/>
    <property name="surefire.real.class.path" value="D:\Documents\workspace\workspace\mrf-core\target\surefire\surefirebooter7702414795337191939.jar"/>
    <property name="java.io.tmpdir" value="C:\Users\will\AppData\Local\Temp\"/>
    <property name="line.separator" value="
"/>
    <property name="java.vm.specification.vendor" value="Sun Microsystems Inc."/>
    <property name="user.variant" value=""/>
    <property name="os.name" value="Windows 7"/>
    <property name="sun.jnu.encoding" value="GBK"/>
    <property name="java.library.path" value="C:\Program Files\Java\jdk1.6.0_45\jre\bin;C:\Windows\Sun\Java\bin;C:\Windows\system32;C:\Windows;C:/Program Files/Java/jre6/bin/client;C:/Program Files/Java/jre6/bin;C:/Program Files/Java/jre6/lib/i386;C:\Program Files\Common Files\NetSarang;C:\Program Files\NVIDIA Corporation\PhysX\Common;C:\Windows\system32;C:\Windows;C:\Windows\System32\Wbem;C:\Windows\System32\WindowsPowerShell\v1.0\;C:\Program Files\Java\jdk1.6.0_45\bin;D:\apache-tomcat-6.0.37\lib;D:\apache-tomcat-6.0.37\lib\servlet-api.jar;D:\apache-tomcat-6.0.37\lib\jsp-api.jar;D:\apache-tomcat-6.0.37\bin\;D:\apache-maven-3.0.3\bin;D:\RabbitMQ Server\rabbitmq_server-3.2.1\sbin;C:\Program Files\Git\cmd;C:\Program Files\Git\bin;C:\Python33;C:\Program Files\MySQL\MySQL Server 5.5\bin;C:\Ruby200/bin;C:\mytools;C:\profile\btrace\bin;C:\Program Files\Calibre2\;C:\Ruby200\bin;D:\eclipse;;."/>
    <property name="surefire.test.class.path" value="D:\Documents\workspace\workspace\mrf-core\target\test-classes;D:\Documents\workspace\workspace\mrf-core\target\classes;C:\Users\will\.m2\repository\junit\junit\4.8.1\junit-4.8.1.jar;C:\Users\will\.m2\repository\org\apache\thrift\libthrift\0.9.1\libthrift-0.9.1.jar;C:\Users\will\.m2\repository\org\apache\commons\commons-lang3\3.1\commons-lang3-3.1.jar;C:\Users\will\.m2\repository\org\apache\httpcomponents\httpclient\4.2.5\httpclient-4.2.5.jar;C:\Users\will\.m2\repository\commons-codec\commons-codec\1.6\commons-codec-1.6.jar;C:\Users\will\.m2\repository\org\apache\httpcomponents\httpcore\4.2.4\httpcore-4.2.4.jar;C:\Users\will\.m2\repository\com\ximalaya\thrift-ext\0.0.5\thrift-ext-0.0.5.jar;C:\Users\will\.m2\repository\log4j\log4j\1.2.17\log4j-1.2.17.jar;C:\Users\will\.m2\repository\commons-pool\commons-pool\1.5.7\commons-pool-1.5.7.jar;C:\Users\will\.m2\repository\org\slf4j\slf4j-log4j12\1.6.4\slf4j-log4j12-1.6.4.jar;C:\Users\will\.m2\repository\org\slf4j\slf4j-api\1.6.4\slf4j-api-1.6.4.jar;C:\Users\will\.m2\repository\org\slf4j\jcl-over-slf4j\1.6.4\jcl-over-slf4j-1.6.4.jar;C:\Users\will\.m2\repository\org\springframework\spring-aop\3.1.1.RELEASE\spring-aop-3.1.1.RELEASE.jar;C:\Users\will\.m2\repository\aopalliance\aopalliance\1.0\aopalliance-1.0.jar;C:\Users\will\.m2\repository\org\springframework\spring-asm\3.1.1.RELEASE\spring-asm-3.1.1.RELEASE.jar;C:\Users\will\.m2\repository\org\springframework\spring-aspects\3.1.1.RELEASE\spring-aspects-3.1.1.RELEASE.jar;C:\Users\will\.m2\repository\org\springframework\spring-beans\3.1.1.RELEASE\spring-beans-3.1.1.RELEASE.jar;C:\Users\will\.m2\repository\org\springframework\spring-context\3.1.1.RELEASE\spring-context-3.1.1.RELEASE.jar;C:\Users\will\.m2\repository\org\springframework\spring-context-support\3.1.1.RELEASE\spring-context-support-3.1.1.RELEASE.jar;C:\Users\will\.m2\repository\org\springframework\spring-core\3.1.1.RELEASE\spring-core-3.1.1.RELEASE.jar;C:\Users\will\.m2\repository\commons-logging\commons-logging\1.1.1\commons-logging-1.1.1.jar;C:\Users\will\.m2\repository\org\springframework\spring-expression\3.1.1.RELEASE\spring-expression-3.1.1.RELEASE.jar;C:\Users\will\.m2\repository\org\springframework\spring-instrument\3.1.1.RELEASE\spring-instrument-3.1.1.RELEASE.jar;C:\Users\will\.m2\repository\org\springframework\spring-instrument-tomcat\3.1.1.RELEASE\spring-instrument-tomcat-3.1.1.RELEASE.jar;C:\Users\will\.m2\repository\org\springframework\spring-jdbc\3.1.1.RELEASE\spring-jdbc-3.1.1.RELEASE.jar;C:\Users\will\.m2\repository\org\springframework\spring-jms\3.1.1.RELEASE\spring-jms-3.1.1.RELEASE.jar;C:\Users\will\.m2\repository\org\springframework\spring-orm\3.1.1.RELEASE\spring-orm-3.1.1.RELEASE.jar;C:\Users\will\.m2\repository\org\springframework\spring-oxm\3.1.1.RELEASE\spring-oxm-3.1.1.RELEASE.jar;C:\Users\will\.m2\repository\commons-lang\commons-lang\2.5\commons-lang-2.5.jar;C:\Users\will\.m2\repository\org\springframework\spring-test\3.1.1.RELEASE\spring-test-3.1.1.RELEASE.jar;C:\Users\will\.m2\repository\org\springframework\spring-tx\3.1.1.RELEASE\spring-tx-3.1.1.RELEASE.jar;C:\Users\will\.m2\repository\org\springframework\spring-web\3.1.1.RELEASE\spring-web-3.1.1.RELEASE.jar;C:\Users\will\.m2\repository\org\springframework\spring-webmvc\3.1.1.RELEASE\spring-webmvc-3.1.1.RELEASE.jar;C:\Users\will\.m2\repository\org\springframework\spring-webmvc-portlet\3.1.1.RELEASE\spring-webmvc-portlet-3.1.1.RELEASE.jar;C:\Users\will\.m2\repository\org\apache\ibatis\ibatis\2.3.4.726\ibatis-2.3.4.726.jar;C:\Users\will\.m2\repository\com\caucho\hessian\4.0.7\hessian-4.0.7.jar;C:\Users\will\.m2\repository\com\ximalaya\collections\0.9\collections-0.9.jar;C:\Users\will\.m2\repository\commons-collections\commons-collections\3.2.1\commons-collections-3.2.1.jar;C:\Users\will\.m2\repository\org\springframework\data\spring-data-redis\1.0.1.RELEASE\spring-data-redis-1.0.1.RELEASE.jar;C:\Users\will\.m2\repository\redis\clients\jedis\2.1.0\jedis-2.1.0.jar;C:\Users\will\.m2\repository\com\nali\common\1.8.2\common-1.8.2.jar;C:\Users\will\.m2\repository\com\google\guava\guava\14.0.1\guava-14.0.1.jar;C:\Users\will\.m2\repository\com\google\code\gson\gson\2.2.4\gson-2.2.4.jar;C:\Users\will\.m2\repository\com\nali\log\0.9\log-0.9.jar;C:\Users\will\.m2\repository\com\nali\lang\0.9.7\lang-0.9.7.jar;C:\Users\will\.m2\repository\org\springframework\amqp\spring-amqp\1.2.0.RELEASE\spring-amqp-1.2.0.RELEASE.jar;C:\Users\will\.m2\repository\org\springframework\amqp\spring-rabbit\1.2.0.RELEASE\spring-rabbit-1.2.0.RELEASE.jar;C:\Users\will\.m2\repository\com\rabbitmq\amqp-client\3.1.3\amqp-client-3.1.3.jar;C:\Users\will\.m2\repository\org\codehaus\jackson\jackson-core-asl\1.9.12\jackson-core-asl-1.9.12.jar;C:\Users\will\.m2\repository\org\codehaus\jackson\jackson-mapper-asl\1.9.12\jackson-mapper-asl-1.9.12.jar;C:\Users\will\.m2\repository\mysql\mysql-connector-java\5.1.25\mysql-connector-java-5.1.25.jar;C:\Users\will\.m2\repository\cglib\cglib\2.2.2\cglib-2.2.2.jar;C:\Users\will\.m2\repository\asm\asm\3.3.1\asm-3.3.1.jar;"/>
    <property name="java.specification.name" value="Java Platform API Specification"/>
    <property name="java.class.version" value="50.0"/>
    <property name="sun.management.compiler" value="HotSpot Client Compiler"/>
    <property name="os.version" value="6.1"/>
    <property name="user.home" value="C:\Users\will"/>
    <property name="user.timezone" value=""/>
    <property name="java.awt.printerjob" value="sun.awt.windows.WPrinterJob"/>
    <property name="java.specification.version" value="1.6"/>
    <property name="file.encoding" value="GBK"/>
    <property name="user.name" value="will"/>
    <property name="java.class.path" value="D:\Documents\workspace\workspace\mrf-core\target\test-classes;D:\Documents\workspace\workspace\mrf-core\target\classes;C:\Users\will\.m2\repository\junit\junit\4.8.1\junit-4.8.1.jar;C:\Users\will\.m2\repository\org\apache\thrift\libthrift\0.9.1\libthrift-0.9.1.jar;C:\Users\will\.m2\repository\org\apache\commons\commons-lang3\3.1\commons-lang3-3.1.jar;C:\Users\will\.m2\repository\org\apache\httpcomponents\httpclient\4.2.5\httpclient-4.2.5.jar;C:\Users\will\.m2\repository\commons-codec\commons-codec\1.6\commons-codec-1.6.jar;C:\Users\will\.m2\repository\org\apache\httpcomponents\httpcore\4.2.4\httpcore-4.2.4.jar;C:\Users\will\.m2\repository\com\ximalaya\thrift-ext\0.0.5\thrift-ext-0.0.5.jar;C:\Users\will\.m2\repository\log4j\log4j\1.2.17\log4j-1.2.17.jar;C:\Users\will\.m2\repository\commons-pool\commons-pool\1.5.7\commons-pool-1.5.7.jar;C:\Users\will\.m2\repository\org\slf4j\slf4j-log4j12\1.6.4\slf4j-log4j12-1.6.4.jar;C:\Users\will\.m2\repository\org\slf4j\slf4j-api\1.6.4\slf4j-api-1.6.4.jar;C:\Users\will\.m2\repository\org\slf4j\jcl-over-slf4j\1.6.4\jcl-over-slf4j-1.6.4.jar;C:\Users\will\.m2\repository\org\springframework\spring-aop\3.1.1.RELEASE\spring-aop-3.1.1.RELEASE.jar;C:\Users\will\.m2\repository\aopalliance\aopalliance\1.0\aopalliance-1.0.jar;C:\Users\will\.m2\repository\org\springframework\spring-asm\3.1.1.RELEASE\spring-asm-3.1.1.RELEASE.jar;C:\Users\will\.m2\repository\org\springframework\spring-aspects\3.1.1.RELEASE\spring-aspects-3.1.1.RELEASE.jar;C:\Users\will\.m2\repository\org\springframework\spring-beans\3.1.1.RELEASE\spring-beans-3.1.1.RELEASE.jar;C:\Users\will\.m2\repository\org\springframework\spring-context\3.1.1.RELEASE\spring-context-3.1.1.RELEASE.jar;C:\Users\will\.m2\repository\org\springframework\spring-context-support\3.1.1.RELEASE\spring-context-support-3.1.1.RELEASE.jar;C:\Users\will\.m2\repository\org\springframework\spring-core\3.1.1.RELEASE\spring-core-3.1.1.RELEASE.jar;C:\Users\will\.m2\repository\commons-logging\commons-logging\1.1.1\commons-logging-1.1.1.jar;C:\Users\will\.m2\repository\org\springframework\spring-expression\3.1.1.RELEASE\spring-expression-3.1.1.RELEASE.jar;C:\Users\will\.m2\repository\org\springframework\spring-instrument\3.1.1.RELEASE\spring-instrument-3.1.1.RELEASE.jar;C:\Users\will\.m2\repository\org\springframework\spring-instrument-tomcat\3.1.1.RELEASE\spring-instrument-tomcat-3.1.1.RELEASE.jar;C:\Users\will\.m2\repository\org\springframework\spring-jdbc\3.1.1.RELEASE\spring-jdbc-3.1.1.RELEASE.jar;C:\Users\will\.m2\repository\org\springframework\spring-jms\3.1.1.RELEASE\spring-jms-3.1.1.RELEASE.jar;C:\Users\will\.m2\repository\org\springframework\spring-orm\3.1.1.RELEASE\spring-orm-3.1.1.RELEASE.jar;C:\Users\will\.m2\repository\org\springframework\spring-oxm\3.1.1.RELEASE\spring-oxm-3.1.1.RELEASE.jar;C:\Users\will\.m2\repository\commons-lang\commons-lang\2.5\commons-lang-2.5.jar;C:\Users\will\.m2\repository\org\springframework\spring-test\3.1.1.RELEASE\spring-test-3.1.1.RELEASE.jar;C:\Users\will\.m2\repository\org\springframework\spring-tx\3.1.1.RELEASE\spring-tx-3.1.1.RELEASE.jar;C:\Users\will\.m2\repository\org\springframework\spring-web\3.1.1.RELEASE\spring-web-3.1.1.RELEASE.jar;C:\Users\will\.m2\repository\org\springframework\spring-webmvc\3.1.1.RELEASE\spring-webmvc-3.1.1.RELEASE.jar;C:\Users\will\.m2\repository\org\springframework\spring-webmvc-portlet\3.1.1.RELEASE\spring-webmvc-portlet-3.1.1.RELEASE.jar;C:\Users\will\.m2\repository\org\apache\ibatis\ibatis\2.3.4.726\ibatis-2.3.4.726.jar;C:\Users\will\.m2\repository\com\caucho\hessian\4.0.7\hessian-4.0.7.jar;C:\Users\will\.m2\repository\com\ximalaya\collections\0.9\collections-0.9.jar;C:\Users\will\.m2\repository\commons-collections\commons-collections\3.2.1\commons-collections-3.2.1.jar;C:\Users\will\.m2\repository\org\springframework\data\spring-data-redis\1.0.1.RELEASE\spring-data-redis-1.0.1.RELEASE.jar;C:\Users\will\.m2\repository\redis\clients\jedis\2.1.0\jedis-2.1.0.jar;C:\Users\will\.m2\repository\com\nali\common\1.8.2\common-1.8.2.jar;C:\Users\will\.m2\repository\com\google\guava\guava\14.0.1\guava-14.0.1.jar;C:\Users\will\.m2\repository\com\google\code\gson\gson\2.2.4\gson-2.2.4.jar;C:\Users\will\.m2\repository\com\nali\log\0.9\log-0.9.jar;C:\Users\will\.m2\repository\com\nali\lang\0.9.7\lang-0.9.7.jar;C:\Users\will\.m2\repository\org\springframework\amqp\spring-amqp\1.2.0.RELEASE\spring-amqp-1.2.0.RELEASE.jar;C:\Users\will\.m2\repository\org\springframework\amqp\spring-rabbit\1.2.0.RELEASE\spring-rabbit-1.2.0.RELEASE.jar;C:\Users\will\.m2\repository\com\rabbitmq\amqp-client\3.1.3\amqp-client-3.1.3.jar;C:\Users\will\.m2\repository\org\codehaus\jackson\jackson-core-asl\1.9.12\jackson-core-asl-1.9.12.jar;C:\Users\will\.m2\repository\org\codehaus\jackson\jackson-mapper-asl\1.9.12\jackson-mapper-asl-1.9.12.jar;C:\Users\will\.m2\repository\mysql\mysql-connector-java\5.1.25\mysql-connector-java-5.1.25.jar;C:\Users\will\.m2\repository\cglib\cglib\2.2.2\cglib-2.2.2.jar;C:\Users\will\.m2\repository\asm\asm\3.3.1\asm-3.3.1.jar;"/>
    <property name="java.vm.specification.version" value="1.0"/>
    <property name="sun.arch.data.model" value="32"/>
    <property name="java.home" value="C:\Program Files\Java\jdk1.6.0_45\jre"/>
    <property name="sun.java.command" value="D:\Documents\workspace\workspace\mrf-core\target\surefire\surefirebooter7702414795337191939.jar D:\Documents\workspace\workspace\mrf-core\target\surefire\surefire7016089761530757775tmp D:\Documents\workspace\workspace\mrf-core\target\surefire\surefire8407782066598115896tmp"/>
    <property name="java.specification.vendor" value="Sun Microsystems Inc."/>
    <property name="user.language" value="zh"/>
    <property name="awt.toolkit" value="sun.awt.windows.WToolkit"/>
    <property name="java.vm.info" value="mixed mode, sharing"/>
    <property name="java.version" value="1.6.0_45"/>
    <property name="java.ext.dirs" value="C:\Program Files\Java\jdk1.6.0_45\jre\lib\ext;C:\Windows\Sun\Java\lib\ext"/>
    <property name="sun.boot.class.path" value="C:\Program Files\Java\jdk1.6.0_45\jre\lib\resources.jar;C:\Program Files\Java\jdk1.6.0_45\jre\lib\rt.jar;C:\Program Files\Java\jdk1.6.0_45\jre\lib\sunrsasign.jar;C:\Program Files\Java\jdk1.6.0_45\jre\lib\jsse.jar;C:\Program Files\Java\jdk1.6.0_45\jre\lib\jce.jar;C:\Program Files\Java\jdk1.6.0_45\jre\lib\charsets.jar;C:\Program Files\Java\jdk1.6.0_45\jre\lib\modules\jdk.boot.jar;C:\Program Files\Java\jdk1.6.0_45\jre\classes"/>
    <property name="java.vendor" value="Sun Microsystems Inc."/>
    <property name="localRepository" value="C:\Users\will\.m2\repository"/>
    <property name="file.separator" value="\"/>
    <property name="java.vendor.url.bug" value="http://java.sun.com/cgi-bin/bugreport.cgi"/>
    <property name="sun.cpu.endian" value="little"/>
    <property name="sun.io.unicode.encoding" value="UnicodeLittle"/>
    <property name="sun.desktop" value="windows"/>
    <property name="sun.cpu.isalist" value="pentium_pro+mmx pentium_pro pentium+mmx pentium i486 i386 i86"/>
  </properties>
  <testcase time="0.001" classname="com.nali.mrfcore.AppTest" name="testApp"/>
</testsuite>